<?xml version="1.0" encoding="UTF-8"?>
<!-- Generated by org.testng.reporters.JUnitReportReporter -->
<testsuite skipped="0" hostname="admin-PC" name="com.framework.testcases.FaceBookTest" tests="1" failures="0" timestamp="28 Oct 2019 12:44:53 GMT" time="11.919" errors="0">
  <testcase name="testFacebook" time="11.919" classname="com.framework.testcases.FaceBookTest"/>
</testsuite> <!-- com.framework.testcases.FaceBookTest -->
